mode: set
git.code.oa.com/tencent_abtest/open-source/tagutil/version.go:29.89,30.76 1 1
git.code.oa.com/tencent_abtest/open-source/tagutil/version.go:50.2,50.10 1 1
git.code.oa.com/tencent_abtest/open-source/tagutil/version.go:30.76,32.69 2 1
git.code.oa.com/tencent_abtest/open-source/tagutil/version.go:36.3,37.57 2 1
git.code.oa.com/tencent_abtest/open-source/tagutil/version.go:41.3,41.18 1 1
git.code.oa.com/tencent_abtest/open-source/tagutil/version.go:44.3,44.18 1 1
git.code.oa.com/tencent_abtest/open-source/tagutil/version.go:47.3,48.6 2 1
git.code.oa.com/tencent_abtest/open-source/tagutil/version.go:32.69,35.4 2 1
git.code.oa.com/tencent_abtest/open-source/tagutil/version.go:37.57,40.4 2 1
git.code.oa.com/tencent_abtest/open-source/tagutil/version.go:41.18,43.4 1 1
git.code.oa.com/tencent_abtest/open-source/tagutil/version.go:44.18,46.4 1 1
git.code.oa.com/tencent_abtest/open-source/tagutil/version.go:59.98,60.76 1 1
git.code.oa.com/tencent_abtest/open-source/tagutil/version.go:80.2,80.10 1 1
git.code.oa.com/tencent_abtest/open-source/tagutil/version.go:60.76,62.69 2 1
git.code.oa.com/tencent_abtest/open-source/tagutil/version.go:66.3,67.57 2 1
git.code.oa.com/tencent_abtest/open-source/tagutil/version.go:71.3,71.26 1 1
git.code.oa.com/tencent_abtest/open-source/tagutil/version.go:74.3,74.29 1 1
git.code.oa.com/tencent_abtest/open-source/tagutil/version.go:77.3,78.6 2 1
git.code.oa.com/tencent_abtest/open-source/tagutil/version.go:62.69,65.4 2 1
git.code.oa.com/tencent_abtest/open-source/tagutil/version.go:67.57,70.4 2 1
git.code.oa.com/tencent_abtest/open-source/tagutil/version.go:71.26,73.4 1 1
git.code.oa.com/tencent_abtest/open-source/tagutil/version.go:74.29,76.4 1 1
git.code.oa.com/tencent_abtest/open-source/tagutil/version.go:84.78,85.28 1 1
git.code.oa.com/tencent_abtest/open-source/tagutil/version.go:88.2,88.30 1 1
git.code.oa.com/tencent_abtest/open-source/tagutil/version.go:93.2,93.13 1 1
git.code.oa.com/tencent_abtest/open-source/tagutil/version.go:85.28,87.3 1 1
git.code.oa.com/tencent_abtest/open-source/tagutil/version.go:88.30,89.51 1 1
git.code.oa.com/tencent_abtest/open-source/tagutil/version.go:89.51,91.4 1 1
git.code.oa.com/tencent_abtest/open-source/tagutil/version.go:97.78,98.28 1 1
git.code.oa.com/tencent_abtest/open-source/tagutil/version.go:101.2,101.30 1 1
git.code.oa.com/tencent_abtest/open-source/tagutil/version.go:106.2,106.13 1 1
git.code.oa.com/tencent_abtest/open-source/tagutil/version.go:98.28,100.3 1 1
git.code.oa.com/tencent_abtest/open-source/tagutil/version.go:101.30,102.51 1 1
git.code.oa.com/tencent_abtest/open-source/tagutil/version.go:102.51,104.4 1 1
git.code.oa.com/tencent_abtest/open-source/tagutil/version.go:110.79,111.28 1 1
git.code.oa.com/tencent_abtest/open-source/tagutil/version.go:114.2,114.30 1 1
git.code.oa.com/tencent_abtest/open-source/tagutil/version.go:119.2,119.13 1 1
git.code.oa.com/tencent_abtest/open-source/tagutil/version.go:111.28,113.3 1 1
git.code.oa.com/tencent_abtest/open-source/tagutil/version.go:114.30,115.50 1 1
git.code.oa.com/tencent_abtest/open-source/tagutil/version.go:115.50,117.4 1 1
git.code.oa.com/tencent_abtest/open-source/tagutil/version.go:123.78,124.28 1 1
git.code.oa.com/tencent_abtest/open-source/tagutil/version.go:127.2,127.30 1 1
git.code.oa.com/tencent_abtest/open-source/tagutil/version.go:132.2,132.13 1 1
git.code.oa.com/tencent_abtest/open-source/tagutil/version.go:124.28,126.3 1 1
git.code.oa.com/tencent_abtest/open-source/tagutil/version.go:127.30,128.51 1 1
git.code.oa.com/tencent_abtest/open-source/tagutil/version.go:128.51,130.4 1 1
git.code.oa.com/tencent_abtest/open-source/tagutil/version.go:136.79,137.28 1 1
git.code.oa.com/tencent_abtest/open-source/tagutil/version.go:140.2,140.30 1 1
git.code.oa.com/tencent_abtest/open-source/tagutil/version.go:145.2,145.13 1 1
git.code.oa.com/tencent_abtest/open-source/tagutil/version.go:137.28,139.3 1 1
git.code.oa.com/tencent_abtest/open-source/tagutil/version.go:140.30,141.50 1 1
git.code.oa.com/tencent_abtest/open-source/tagutil/version.go:141.50,143.4 1 1
git.code.oa.com/tencent_abtest/open-source/tagutil/version.go:149.78,150.28 1 1
git.code.oa.com/tencent_abtest/open-source/tagutil/version.go:153.2,153.30 1 1
git.code.oa.com/tencent_abtest/open-source/tagutil/version.go:158.2,158.13 1 1
git.code.oa.com/tencent_abtest/open-source/tagutil/version.go:150.28,152.3 1 1
git.code.oa.com/tencent_abtest/open-source/tagutil/version.go:153.30,154.51 1 1
git.code.oa.com/tencent_abtest/open-source/tagutil/version.go:154.51,156.4 1 1
git.code.oa.com/tencent_abtest/open-source/tagutil/version.go:163.82,164.28 1 1
git.code.oa.com/tencent_abtest/open-source/tagutil/version.go:167.2,167.30 1 1
git.code.oa.com/tencent_abtest/open-source/tagutil/version.go:172.2,172.13 1 1
git.code.oa.com/tencent_abtest/open-source/tagutil/version.go:164.28,166.3 1 1
git.code.oa.com/tencent_abtest/open-source/tagutil/version.go:167.30,168.75 1 1
git.code.oa.com/tencent_abtest/open-source/tagutil/version.go:168.75,170.4 1 1
git.code.oa.com/tencent_abtest/open-source/tagutil/version.go:176.78,177.28 1 1
git.code.oa.com/tencent_abtest/open-source/tagutil/version.go:180.2,181.30 2 1
git.code.oa.com/tencent_abtest/open-source/tagutil/version.go:193.2,193.13 1 1
git.code.oa.com/tencent_abtest/open-source/tagutil/version.go:177.28,179.3 1 1
git.code.oa.com/tencent_abtest/open-source/tagutil/version.go:181.30,183.41 2 1
git.code.oa.com/tencent_abtest/open-source/tagutil/version.go:189.3,189.14 1 1
git.code.oa.com/tencent_abtest/open-source/tagutil/version.go:183.41,184.66 1 1
git.code.oa.com/tencent_abtest/open-source/tagutil/version.go:184.66,186.10 2 1
git.code.oa.com/tencent_abtest/open-source/tagutil/version.go:189.14,191.4 1 1
git.code.oa.com/tencent_abtest/open-source/tagutil/version.go:197.81,198.28 1 1
git.code.oa.com/tencent_abtest/open-source/tagutil/version.go:201.2,202.30 2 1
git.code.oa.com/tencent_abtest/open-source/tagutil/version.go:209.2,209.13 1 1
git.code.oa.com/tencent_abtest/open-source/tagutil/version.go:198.28,200.3 1 1
git.code.oa.com/tencent_abtest/open-source/tagutil/version.go:202.30,203.41 1 1
git.code.oa.com/tencent_abtest/open-source/tagutil/version.go:203.41,204.66 1 1
git.code.oa.com/tencent_abtest/open-source/tagutil/version.go:204.66,206.5 1 1
git.code.oa.com/tencent_abtest/open-source/tagutil/version.go:214.80,215.28 1 1
git.code.oa.com/tencent_abtest/open-source/tagutil/version.go:218.2,219.32 2 1
git.code.oa.com/tencent_abtest/open-source/tagutil/version.go:222.2,224.30 3 1
git.code.oa.com/tencent_abtest/open-source/tagutil/version.go:229.2,229.13 1 1
git.code.oa.com/tencent_abtest/open-source/tagutil/version.go:215.28,217.3 1 1
git.code.oa.com/tencent_abtest/open-source/tagutil/version.go:219.32,221.3 1 1
git.code.oa.com/tencent_abtest/open-source/tagutil/version.go:224.30,225.97 1 1
git.code.oa.com/tencent_abtest/open-source/tagutil/version.go:225.97,227.4 1 1
git.code.oa.com/tencent_abtest/open-source/tagutil/version.go:234.80,235.28 1 1
git.code.oa.com/tencent_abtest/open-source/tagutil/version.go:238.2,239.32 2 1
git.code.oa.com/tencent_abtest/open-source/tagutil/version.go:242.2,244.30 3 1
git.code.oa.com/tencent_abtest/open-source/tagutil/version.go:249.2,249.13 1 1
git.code.oa.com/tencent_abtest/open-source/tagutil/version.go:235.28,237.3 1 1
git.code.oa.com/tencent_abtest/open-source/tagutil/version.go:239.32,241.3 1 1
git.code.oa.com/tencent_abtest/open-source/tagutil/version.go:244.30,245.96 1 1
git.code.oa.com/tencent_abtest/open-source/tagutil/version.go:245.96,247.4 1 1
git.code.oa.com/tencent_abtest/open-source/tagutil/version.go:254.80,255.28 1 1
git.code.oa.com/tencent_abtest/open-source/tagutil/version.go:258.2,259.32 2 1
git.code.oa.com/tencent_abtest/open-source/tagutil/version.go:262.2,264.30 3 1
git.code.oa.com/tencent_abtest/open-source/tagutil/version.go:269.2,269.13 1 1
git.code.oa.com/tencent_abtest/open-source/tagutil/version.go:255.28,257.3 1 1
git.code.oa.com/tencent_abtest/open-source/tagutil/version.go:259.32,261.3 1 1
git.code.oa.com/tencent_abtest/open-source/tagutil/version.go:264.30,265.96 1 1
git.code.oa.com/tencent_abtest/open-source/tagutil/version.go:265.96,267.4 1 1
git.code.oa.com/tencent_abtest/open-source/tagutil/version.go:274.80,275.28 1 1
git.code.oa.com/tencent_abtest/open-source/tagutil/version.go:278.2,279.32 2 1
git.code.oa.com/tencent_abtest/open-source/tagutil/version.go:282.2,284.30 3 1
git.code.oa.com/tencent_abtest/open-source/tagutil/version.go:289.2,289.13 1 1
git.code.oa.com/tencent_abtest/open-source/tagutil/version.go:275.28,277.3 1 1
git.code.oa.com/tencent_abtest/open-source/tagutil/version.go:279.32,281.3 1 1
git.code.oa.com/tencent_abtest/open-source/tagutil/version.go:284.30,285.95 1 1
git.code.oa.com/tencent_abtest/open-source/tagutil/version.go:285.95,287.4 1 1
git.code.oa.com/tencent_abtest/open-source/tagutil/boolean.go:14.78,15.28 1 1
git.code.oa.com/tencent_abtest/open-source/tagutil/boolean.go:18.2,19.16 2 1
git.code.oa.com/tencent_abtest/open-source/tagutil/boolean.go:22.2,22.30 1 1
git.code.oa.com/tencent_abtest/open-source/tagutil/boolean.go:31.2,31.13 1 1
git.code.oa.com/tencent_abtest/open-source/tagutil/boolean.go:15.28,17.3 1 1
git.code.oa.com/tencent_abtest/open-source/tagutil/boolean.go:19.16,21.3 1 1
git.code.oa.com/tencent_abtest/open-source/tagutil/boolean.go:22.30,24.17 2 1
git.code.oa.com/tencent_abtest/open-source/tagutil/boolean.go:27.3,27.40 1 1
git.code.oa.com/tencent_abtest/open-source/tagutil/boolean.go:24.17,26.4 1 1
git.code.oa.com/tencent_abtest/open-source/tagutil/boolean.go:27.40,29.4 1 1
git.code.oa.com/tencent_abtest/open-source/tagutil/empty.go:12.81,14.2 1 1
git.code.oa.com/tencent_abtest/open-source/tagutil/empty.go:17.84,19.2 1 1
git.code.oa.com/tencent_abtest/open-source/tagutil/number.go:17.77,18.28 1 1
git.code.oa.com/tencent_abtest/open-source/tagutil/number.go:21.2,22.16 2 1
git.code.oa.com/tencent_abtest/open-source/tagutil/number.go:25.2,25.30 1 1
git.code.oa.com/tencent_abtest/open-source/tagutil/number.go:34.2,34.13 1 1
git.code.oa.com/tencent_abtest/open-source/tagutil/number.go:18.28,20.3 1 1
git.code.oa.com/tencent_abtest/open-source/tagutil/number.go:22.16,24.3 1 1
git.code.oa.com/tencent_abtest/open-source/tagutil/number.go:25.30,27.17 2 1
git.code.oa.com/tencent_abtest/open-source/tagutil/number.go:30.3,30.51 1 1
git.code.oa.com/tencent_abtest/open-source/tagutil/number.go:27.17,29.4 1 1
git.code.oa.com/tencent_abtest/open-source/tagutil/number.go:30.51,32.4 1 1
git.code.oa.com/tencent_abtest/open-source/tagutil/number.go:38.77,39.28 1 1
git.code.oa.com/tencent_abtest/open-source/tagutil/number.go:42.2,43.16 2 1
git.code.oa.com/tencent_abtest/open-source/tagutil/number.go:46.2,46.30 1 1
git.code.oa.com/tencent_abtest/open-source/tagutil/number.go:55.2,55.13 1 1
git.code.oa.com/tencent_abtest/open-source/tagutil/number.go:39.28,41.3 1 1
git.code.oa.com/tencent_abtest/open-source/tagutil/number.go:43.16,45.3 1 1
git.code.oa.com/tencent_abtest/open-source/tagutil/number.go:46.30,48.17 2 1
git.code.oa.com/tencent_abtest/open-source/tagutil/number.go:51.3,51.54 1 1
git.code.oa.com/tencent_abtest/open-source/tagutil/number.go:48.17,50.4 1 1
git.code.oa.com/tencent_abtest/open-source/tagutil/number.go:51.54,53.4 1 1
git.code.oa.com/tencent_abtest/open-source/tagutil/number.go:59.78,60.28 1 1
git.code.oa.com/tencent_abtest/open-source/tagutil/number.go:63.2,64.16 2 1
git.code.oa.com/tencent_abtest/open-source/tagutil/number.go:67.2,67.30 1 1
git.code.oa.com/tencent_abtest/open-source/tagutil/number.go:76.2,76.13 1 1
git.code.oa.com/tencent_abtest/open-source/tagutil/number.go:60.28,62.3 1 1
git.code.oa.com/tencent_abtest/open-source/tagutil/number.go:64.16,66.3 1 1
git.code.oa.com/tencent_abtest/open-source/tagutil/number.go:67.30,69.17 2 1
git.code.oa.com/tencent_abtest/open-source/tagutil/number.go:72.3,72.61 1 1
git.code.oa.com/tencent_abtest/open-source/tagutil/number.go:69.17,71.4 1 1
git.code.oa.com/tencent_abtest/open-source/tagutil/number.go:72.61,74.4 1 1
git.code.oa.com/tencent_abtest/open-source/tagutil/number.go:80.77,81.28 1 1
git.code.oa.com/tencent_abtest/open-source/tagutil/number.go:84.2,85.16 2 1
git.code.oa.com/tencent_abtest/open-source/tagutil/number.go:88.2,88.30 1 1
git.code.oa.com/tencent_abtest/open-source/tagutil/number.go:97.2,97.13 1 1
git.code.oa.com/tencent_abtest/open-source/tagutil/number.go:81.28,83.3 1 1
git.code.oa.com/tencent_abtest/open-source/tagutil/number.go:85.16,87.3 1 1
git.code.oa.com/tencent_abtest/open-source/tagutil/number.go:88.30,90.17 2 1
git.code.oa.com/tencent_abtest/open-source/tagutil/number.go:93.3,93.57 1 1
git.code.oa.com/tencent_abtest/open-source/tagutil/number.go:90.17,92.4 1 1
git.code.oa.com/tencent_abtest/open-source/tagutil/number.go:93.57,95.4 1 1
git.code.oa.com/tencent_abtest/open-source/tagutil/number.go:101.78,102.28 1 1
git.code.oa.com/tencent_abtest/open-source/tagutil/number.go:105.2,106.16 2 1
git.code.oa.com/tencent_abtest/open-source/tagutil/number.go:109.2,109.30 1 1
git.code.oa.com/tencent_abtest/open-source/tagutil/number.go:118.2,118.13 1 1
git.code.oa.com/tencent_abtest/open-source/tagutil/number.go:102.28,104.3 1 1
git.code.oa.com/tencent_abtest/open-source/tagutil/number.go:106.16,108.3 1 1
git.code.oa.com/tencent_abtest/open-source/tagutil/number.go:109.30,111.17 2 1
git.code.oa.com/tencent_abtest/open-source/tagutil/number.go:114.3,114.64 1 1
git.code.oa.com/tencent_abtest/open-source/tagutil/number.go:111.17,113.4 1 1
git.code.oa.com/tencent_abtest/open-source/tagutil/number.go:114.64,116.4 1 1
git.code.oa.com/tencent_abtest/open-source/tagutil/number.go:122.77,123.28 1 1
git.code.oa.com/tencent_abtest/open-source/tagutil/number.go:126.2,127.16 2 1
git.code.oa.com/tencent_abtest/open-source/tagutil/number.go:130.2,130.30 1 1
git.code.oa.com/tencent_abtest/open-source/tagutil/number.go:139.2,139.13 1 1
git.code.oa.com/tencent_abtest/open-source/tagutil/number.go:123.28,125.3 1 1
git.code.oa.com/tencent_abtest/open-source/tagutil/number.go:127.16,129.3 1 1
git.code.oa.com/tencent_abtest/open-source/tagutil/number.go:130.30,132.17 2 1
git.code.oa.com/tencent_abtest/open-source/tagutil/number.go:135.3,135.50 1 1
git.code.oa.com/tencent_abtest/open-source/tagutil/number.go:132.17,134.4 1 1
git.code.oa.com/tencent_abtest/open-source/tagutil/number.go:135.50,137.4 1 1
git.code.oa.com/tencent_abtest/open-source/tagutil/number.go:143.77,144.28 1 1
git.code.oa.com/tencent_abtest/open-source/tagutil/number.go:147.2,149.33 3 1
git.code.oa.com/tencent_abtest/open-source/tagutil/number.go:156.2,156.30 1 1
git.code.oa.com/tencent_abtest/open-source/tagutil/number.go:172.2,172.13 1 1
git.code.oa.com/tencent_abtest/open-source/tagutil/number.go:144.28,146.3 1 1
git.code.oa.com/tencent_abtest/open-source/tagutil/number.go:149.33,151.17 2 1
git.code.oa.com/tencent_abtest/open-source/tagutil/number.go:154.3,154.41 1 1
git.code.oa.com/tencent_abtest/open-source/tagutil/number.go:151.17,153.4 1 1
git.code.oa.com/tencent_abtest/open-source/tagutil/number.go:156.30,158.17 2 1
git.code.oa.com/tencent_abtest/open-source/tagutil/number.go:161.3,162.40 2 1
git.code.oa.com/tencent_abtest/open-source/tagutil/number.go:168.3,168.14 1 1
git.code.oa.com/tencent_abtest/open-source/tagutil/number.go:158.17,160.4 1 1
git.code.oa.com/tencent_abtest/open-source/tagutil/number.go:162.40,163.58 1 1
git.code.oa.com/tencent_abtest/open-source/tagutil/number.go:163.58,165.10 2 1
git.code.oa.com/tencent_abtest/open-source/tagutil/number.go:168.14,170.4 1 1
git.code.oa.com/tencent_abtest/open-source/tagutil/number.go:176.80,177.28 1 1
git.code.oa.com/tencent_abtest/open-source/tagutil/number.go:180.2,182.33 3 1
git.code.oa.com/tencent_abtest/open-source/tagutil/number.go:189.2,189.30 1 1
git.code.oa.com/tencent_abtest/open-source/tagutil/number.go:205.2,205.13 1 1
git.code.oa.com/tencent_abtest/open-source/tagutil/number.go:177.28,179.3 1 1
git.code.oa.com/tencent_abtest/open-source/tagutil/number.go:182.33,184.17 2 1
git.code.oa.com/tencent_abtest/open-source/tagutil/number.go:187.3,187.41 1 1
git.code.oa.com/tencent_abtest/open-source/tagutil/number.go:184.17,186.4 1 1
git.code.oa.com/tencent_abtest/open-source/tagutil/number.go:189.30,191.17 2 1
git.code.oa.com/tencent_abtest/open-source/tagutil/number.go:194.3,195.40 2 1
git.code.oa.com/tencent_abtest/open-source/tagutil/number.go:201.3,201.13 1 1
git.code.oa.com/tencent_abtest/open-source/tagutil/number.go:191.17,193.4 1 1
git.code.oa.com/tencent_abtest/open-source/tagutil/number.go:195.40,196.58 1 1
git.code.oa.com/tencent_abtest/open-source/tagutil/number.go:196.58,198.10 2 1
git.code.oa.com/tencent_abtest/open-source/tagutil/number.go:201.13,203.4 1 1
git.code.oa.com/tencent_abtest/open-source/tagutil/number.go:210.79,211.28 1 1
git.code.oa.com/tencent_abtest/open-source/tagutil/number.go:214.2,215.32 2 1
git.code.oa.com/tencent_abtest/open-source/tagutil/number.go:218.2,219.16 2 1
git.code.oa.com/tencent_abtest/open-source/tagutil/number.go:222.2,223.16 2 1
git.code.oa.com/tencent_abtest/open-source/tagutil/number.go:226.2,226.30 1 1
git.code.oa.com/tencent_abtest/open-source/tagutil/number.go:235.2,235.13 1 1
git.code.oa.com/tencent_abtest/open-source/tagutil/number.go:211.28,213.3 1 1
git.code.oa.com/tencent_abtest/open-source/tagutil/number.go:215.32,217.3 1 1
git.code.oa.com/tencent_abtest/open-source/tagutil/number.go:219.16,221.3 1 1
git.code.oa.com/tencent_abtest/open-source/tagutil/number.go:223.16,225.3 1 1
git.code.oa.com/tencent_abtest/open-source/tagutil/number.go:226.30,228.17 2 1
git.code.oa.com/tencent_abtest/open-source/tagutil/number.go:231.3,231.67 1 1
git.code.oa.com/tencent_abtest/open-source/tagutil/number.go:228.17,230.4 1 1
git.code.oa.com/tencent_abtest/open-source/tagutil/number.go:231.67,233.4 1 1
git.code.oa.com/tencent_abtest/open-source/tagutil/number.go:240.79,241.28 1 1
git.code.oa.com/tencent_abtest/open-source/tagutil/number.go:244.2,245.32 2 1
git.code.oa.com/tencent_abtest/open-source/tagutil/number.go:248.2,249.16 2 1
git.code.oa.com/tencent_abtest/open-source/tagutil/number.go:252.2,253.16 2 1
git.code.oa.com/tencent_abtest/open-source/tagutil/number.go:256.2,256.30 1 1
git.code.oa.com/tencent_abtest/open-source/tagutil/number.go:265.2,265.13 1 1
git.code.oa.com/tencent_abtest/open-source/tagutil/number.go:241.28,243.3 1 1
git.code.oa.com/tencent_abtest/open-source/tagutil/number.go:245.32,247.3 1 1
git.code.oa.com/tencent_abtest/open-source/tagutil/number.go:249.16,251.3 1 1
git.code.oa.com/tencent_abtest/open-source/tagutil/number.go:253.16,255.3 1 1
git.code.oa.com/tencent_abtest/open-source/tagutil/number.go:256.30,258.17 2 1
git.code.oa.com/tencent_abtest/open-source/tagutil/number.go:261.3,261.60 1 1
git.code.oa.com/tencent_abtest/open-source/tagutil/number.go:258.17,260.4 1 1
git.code.oa.com/tencent_abtest/open-source/tagutil/number.go:261.60,263.4 1 1
git.code.oa.com/tencent_abtest/open-source/tagutil/number.go:270.79,271.28 1 1
git.code.oa.com/tencent_abtest/open-source/tagutil/number.go:274.2,275.32 2 1
git.code.oa.com/tencent_abtest/open-source/tagutil/number.go:278.2,279.16 2 1
git.code.oa.com/tencent_abtest/open-source/tagutil/number.go:282.2,283.16 2 1
git.code.oa.com/tencent_abtest/open-source/tagutil/number.go:286.2,286.30 1 1
git.code.oa.com/tencent_abtest/open-source/tagutil/number.go:295.2,295.13 1 1
git.code.oa.com/tencent_abtest/open-source/tagutil/number.go:271.28,273.3 1 1
git.code.oa.com/tencent_abtest/open-source/tagutil/number.go:275.32,277.3 1 1
git.code.oa.com/tencent_abtest/open-source/tagutil/number.go:279.16,281.3 1 1
git.code.oa.com/tencent_abtest/open-source/tagutil/number.go:283.16,285.3 1 1
git.code.oa.com/tencent_abtest/open-source/tagutil/number.go:286.30,288.17 2 1
git.code.oa.com/tencent_abtest/open-source/tagutil/number.go:291.3,291.60 1 1
git.code.oa.com/tencent_abtest/open-source/tagutil/number.go:288.17,290.4 1 1
git.code.oa.com/tencent_abtest/open-source/tagutil/number.go:291.60,293.4 1 1
git.code.oa.com/tencent_abtest/open-source/tagutil/number.go:300.79,301.28 1 1
git.code.oa.com/tencent_abtest/open-source/tagutil/number.go:304.2,305.32 2 1
git.code.oa.com/tencent_abtest/open-source/tagutil/number.go:308.2,309.16 2 1
git.code.oa.com/tencent_abtest/open-source/tagutil/number.go:312.2,313.16 2 1
git.code.oa.com/tencent_abtest/open-source/tagutil/number.go:316.2,316.30 1 1
git.code.oa.com/tencent_abtest/open-source/tagutil/number.go:325.2,325.13 1 1
git.code.oa.com/tencent_abtest/open-source/tagutil/number.go:301.28,303.3 1 1
git.code.oa.com/tencent_abtest/open-source/tagutil/number.go:305.32,307.3 1 1
git.code.oa.com/tencent_abtest/open-source/tagutil/number.go:309.16,311.3 1 1
git.code.oa.com/tencent_abtest/open-source/tagutil/number.go:313.16,315.3 1 1
git.code.oa.com/tencent_abtest/open-source/tagutil/number.go:316.30,318.17 2 1
git.code.oa.com/tencent_abtest/open-source/tagutil/number.go:321.3,321.53 1 1
git.code.oa.com/tencent_abtest/open-source/tagutil/number.go:318.17,320.4 1 1
git.code.oa.com/tencent_abtest/open-source/tagutil/number.go:321.53,323.4 1 1
git.code.oa.com/tencent_abtest/open-source/tagutil/set.go:14.80,15.28 1 1
git.code.oa.com/tencent_abtest/open-source/tagutil/set.go:18.2,19.30 2 1
git.code.oa.com/tencent_abtest/open-source/tagutil/set.go:31.2,31.13 1 1
git.code.oa.com/tencent_abtest/open-source/tagutil/set.go:15.28,17.3 1 1
git.code.oa.com/tencent_abtest/open-source/tagutil/set.go:19.30,21.38 2 1
git.code.oa.com/tencent_abtest/open-source/tagutil/set.go:27.3,27.14 1 1
git.code.oa.com/tencent_abtest/open-source/tagutil/set.go:21.38,22.49 1 1
git.code.oa.com/tencent_abtest/open-source/tagutil/set.go:22.49,24.10 2 1
git.code.oa.com/tencent_abtest/open-source/tagutil/set.go:27.14,29.4 1 1
git.code.oa.com/tencent_abtest/open-source/tagutil/set.go:35.82,36.27 1 1
git.code.oa.com/tencent_abtest/open-source/tagutil/set.go:39.2,40.37 2 1
git.code.oa.com/tencent_abtest/open-source/tagutil/set.go:52.2,52.13 1 1
git.code.oa.com/tencent_abtest/open-source/tagutil/set.go:36.27,38.3 1 1
git.code.oa.com/tencent_abtest/open-source/tagutil/set.go:40.37,42.31 2 1
git.code.oa.com/tencent_abtest/open-source/tagutil/set.go:48.3,48.14 1 1
git.code.oa.com/tencent_abtest/open-source/tagutil/set.go:42.31,43.49 1 1
git.code.oa.com/tencent_abtest/open-source/tagutil/set.go:43.49,45.10 2 1
git.code.oa.com/tencent_abtest/open-source/tagutil/set.go:48.14,50.4 1 1
git.code.oa.com/tencent_abtest/open-source/tagutil/set.go:55.74,86.2 1 1
git.code.oa.com/tencent_abtest/open-source/tagutil/string.go:20.77,21.28 1 1
git.code.oa.com/tencent_abtest/open-source/tagutil/string.go:24.2,24.30 1 1
git.code.oa.com/tencent_abtest/open-source/tagutil/string.go:29.2,29.13 1 1
git.code.oa.com/tencent_abtest/open-source/tagutil/string.go:21.28,23.3 1 1
git.code.oa.com/tencent_abtest/open-source/tagutil/string.go:24.30,25.37 1 1
git.code.oa.com/tencent_abtest/open-source/tagutil/string.go:25.37,27.4 1 1
git.code.oa.com/tencent_abtest/open-source/tagutil/string.go:33.77,34.28 1 1
git.code.oa.com/tencent_abtest/open-source/tagutil/string.go:37.2,37.30 1 1
git.code.oa.com/tencent_abtest/open-source/tagutil/string.go:42.2,42.13 1 1
git.code.oa.com/tencent_abtest/open-source/tagutil/string.go:34.28,36.3 1 1
git.code.oa.com/tencent_abtest/open-source/tagutil/string.go:37.30,38.57 1 1
git.code.oa.com/tencent_abtest/open-source/tagutil/string.go:38.57,40.4 1 1
git.code.oa.com/tencent_abtest/open-source/tagutil/string.go:46.78,47.28 1 1
git.code.oa.com/tencent_abtest/open-source/tagutil/string.go:50.2,50.30 1 1
git.code.oa.com/tencent_abtest/open-source/tagutil/string.go:55.2,55.13 1 1
git.code.oa.com/tencent_abtest/open-source/tagutil/string.go:47.28,49.3 1 1
git.code.oa.com/tencent_abtest/open-source/tagutil/string.go:50.30,51.56 1 1
git.code.oa.com/tencent_abtest/open-source/tagutil/string.go:51.56,53.4 1 1
git.code.oa.com/tencent_abtest/open-source/tagutil/string.go:59.77,60.28 1 1
git.code.oa.com/tencent_abtest/open-source/tagutil/string.go:63.2,63.30 1 1
git.code.oa.com/tencent_abtest/open-source/tagutil/string.go:68.2,68.13 1 1
git.code.oa.com/tencent_abtest/open-source/tagutil/string.go:60.28,62.3 1 1
git.code.oa.com/tencent_abtest/open-source/tagutil/string.go:63.30,64.57 1 1
git.code.oa.com/tencent_abtest/open-source/tagutil/string.go:64.57,66.4 1 1
git.code.oa.com/tencent_abtest/open-source/tagutil/string.go:72.78,73.28 1 1
git.code.oa.com/tencent_abtest/open-source/tagutil/string.go:76.2,76.30 1 1
git.code.oa.com/tencent_abtest/open-source/tagutil/string.go:81.2,81.13 1 1
git.code.oa.com/tencent_abtest/open-source/tagutil/string.go:73.28,75.3 1 1
git.code.oa.com/tencent_abtest/open-source/tagutil/string.go:76.30,77.56 1 1
git.code.oa.com/tencent_abtest/open-source/tagutil/string.go:77.56,79.4 1 1
git.code.oa.com/tencent_abtest/open-source/tagutil/string.go:85.77,86.28 1 1
git.code.oa.com/tencent_abtest/open-source/tagutil/string.go:89.2,89.30 1 1
git.code.oa.com/tencent_abtest/open-source/tagutil/string.go:94.2,94.13 1 1
git.code.oa.com/tencent_abtest/open-source/tagutil/string.go:86.28,88.3 1 1
git.code.oa.com/tencent_abtest/open-source/tagutil/string.go:89.30,90.57 1 1
git.code.oa.com/tencent_abtest/open-source/tagutil/string.go:90.57,92.4 1 1
git.code.oa.com/tencent_abtest/open-source/tagutil/string.go:100.81,101.28 1 1
git.code.oa.com/tencent_abtest/open-source/tagutil/string.go:104.2,104.30 1 1
git.code.oa.com/tencent_abtest/open-source/tagutil/string.go:109.2,109.13 1 1
git.code.oa.com/tencent_abtest/open-source/tagutil/string.go:101.28,103.3 1 1
git.code.oa.com/tencent_abtest/open-source/tagutil/string.go:104.30,105.75 1 1
git.code.oa.com/tencent_abtest/open-source/tagutil/string.go:105.75,107.4 1 1
git.code.oa.com/tencent_abtest/open-source/tagutil/string.go:113.77,114.28 1 1
git.code.oa.com/tencent_abtest/open-source/tagutil/string.go:117.2,118.30 2 1
git.code.oa.com/tencent_abtest/open-source/tagutil/string.go:130.2,130.13 1 1
git.code.oa.com/tencent_abtest/open-source/tagutil/string.go:114.28,116.3 1 1
git.code.oa.com/tencent_abtest/open-source/tagutil/string.go:118.30,120.34 2 1
git.code.oa.com/tencent_abtest/open-source/tagutil/string.go:126.3,126.14 1 1
git.code.oa.com/tencent_abtest/open-source/tagutil/string.go:120.34,121.45 1 1
git.code.oa.com/tencent_abtest/open-source/tagutil/string.go:121.45,123.10 2 1
git.code.oa.com/tencent_abtest/open-source/tagutil/string.go:126.14,128.4 1 1
git.code.oa.com/tencent_abtest/open-source/tagutil/string.go:134.80,135.28 1 1
git.code.oa.com/tencent_abtest/open-source/tagutil/string.go:138.2,139.30 2 1
git.code.oa.com/tencent_abtest/open-source/tagutil/string.go:151.2,151.13 1 1
git.code.oa.com/tencent_abtest/open-source/tagutil/string.go:135.28,137.3 1 1
git.code.oa.com/tencent_abtest/open-source/tagutil/string.go:139.30,141.34 2 1
git.code.oa.com/tencent_abtest/open-source/tagutil/string.go:147.3,147.13 1 1
git.code.oa.com/tencent_abtest/open-source/tagutil/string.go:141.34,142.45 1 1
git.code.oa.com/tencent_abtest/open-source/tagutil/string.go:142.45,144.10 2 1
git.code.oa.com/tencent_abtest/open-source/tagutil/string.go:147.13,149.4 1 1
git.code.oa.com/tencent_abtest/open-source/tagutil/tagutil.go:9.138,11.9 2 1
git.code.oa.com/tencent_abtest/open-source/tagutil/tagutil.go:14.2,14.37 1 1
git.code.oa.com/tencent_abtest/open-source/tagutil/tagutil.go:11.9,13.3 1 1
